[    0.000000] Initializing cgroup subsys cpuset
[    0.000000] Initializing cgroup subsys cpu
[    0.000000] Initializing cgroup subsys cpuacct
[    0.000000] Linux version 4.4.0-210-generic (buildd@lgw01-amd64-009) (gcc version 5.4.0 20160609 (Ubuntu 5.4.0-6ubuntu1~16.04.12) ) #242-Ubuntu SMP Fri Apr 16 09:57:56 UTC 2021 (Ubuntu 4.4.0-210.242-generic 4.4.262)
[    0.000000] Command line: BOOT_IMAGE=/boot/vmlinuz-4.4.0-210-generic root=LABEL=cloudimg-rootfs ro console=tty1 console=ttyS0
[    0.000000] KERNEL supported cpus:
[    0.000000]   Intel GenuineIntel
[    0.000000]   AMD AuthenticAMD
[    0.000000]   Centaur CentaurHauls
[    0.000000] [Firmware Bug]: TSC doesn't count with P0 frequency!
[    0.000000] x86/fpu: xstate_offset[2]:  576, xstate_sizes[2]:  256
[    0.000000] x86/fpu: Supporting XSAVE feature 0x01: 'x87 floating point registers'
[    0.000000] x86/fpu: Supporting XSAVE feature 0x02: 'SSE registers'
[    0.000000] x86/fpu: Supporting XSAVE feature 0x04: 'AVX registers'
[    0.000000] x86/fpu: Enabled xstate features 0x7, context size is 832 bytes, using 'standard' format.
[    0.000000] e820: BIOS-provided physical RAM map:
[    0.000000] BIOS-e820: [mem 0x0000000000000000-0x000000000009fbff] usable
[    0.000000] BIOS-e820: [mem 0x000000000009fc00-0x000000000009ffff] reserved
[    0.000000] BIOS-e820: [mem 0x00000000000f0000-0x00000000000fffff] reserved
[    0.000000] BIOS-e820: [mem 0x0000000000100000-0x000000003ffeffff] usable
[    0.000000] BIOS-e820: [mem 0x000000003fff0000-0x000000003fffffff] ACPI data
[    0.000000] BIOS-e820: [mem 0x00000000fec00000-0x00000000fec00fff] reserved
[    0.000000] BIOS-e820: [mem 0x00000000fee00000-0x00000000fee00fff] reserved
[    0.000000] BIOS-e820: [mem 0x00000000fffc0000-0x00000000ffffffff] reserved
[    0.000000] NX (Execute Disable) protection: active
[    0.000000] SMBIOS 2.5 present.
[    0.000000] Hypervisor detected: KVM
[    0.000000] Kernel/User page tables isolation: disabled
[    0.000000] e820: last_pfn = 0x3fff0 max_arch_pfn = 0x400000000
[    0.000000] MTRR: Disabled
[    0.000000] x86/PAT: MTRRs disabled, skipping PAT initialization too.
[    0.000000] CPU MTRRs all blank - virtualized system.
[    0.000000] x86/PAT: Configuration [0-7]: WB  WT  UC- UC  WB  WT  UC- UC  
[    0.000000] found SMP MP-table at [mem 0x0009fff0-0x0009ffff] mapped at [ffff88000009fff0]
[    0.000000] Scanning 1 areas for low memory corruption
[    0.000000] RAMDISK: [mem 0x362dc000-0x37165fff]
[    0.000000] ACPI: Early table checksum verification disabled
[    0.000000] ACPI: RSDP 0x00000000000E0000 000024 (v02 VBOX  )
[    0.000000] ACPI: XSDT 0x000000003FFF0030 00003C (v01 VBOX   VBOXXSDT 00000001 ASL  00000061)
[    0.000000] ACPI: FACP 0x000000003FFF00F0 0000F4 (v04 VBOX   VBOXFACP 00000001 ASL  00000061)
[    0.000000] ACPI: DSDT 0x000000003FFF0470 002325 (v02 VBOX   VBOXBIOS 00000002 INTL 20100528)
[    0.000000] ACPI: FACS 0x000000003FFF0200 000040
[    0.000000] ACPI: FACS 0x000000003FFF0200 000040
[    0.000000] ACPI: APIC 0x000000003FFF0240 00005C (v02 VBOX   VBOXAPIC 00000001 ASL  00000061)
[    0.000000] ACPI: SSDT 0x000000003FFF02A0 0001CC (v01 VBOX   VBOXCPUT 00000002 INTL 20100528)
[    0.000000] No NUMA configuration found
[    0.000000] Faking a node at [mem 0x0000000000000000-0x000000003ffeffff]
[    0.000000] NODE_DATA(0) allocated [mem 0x3ffeb000-0x3ffeffff]
[    0.000000] kvm-clock: Using msrs 4b564d01 and 4b564d00
[    0.000000] kvm-clock: cpu 0, msr 0:3ffe3001, primary cpu clock
[    0.000000] kvm-clock: using sched offset of 3101820444 cycles
[    0.000000] clocksource: kvm-clock: mask: 0xffffffffffffffff max_cycles: 0x1cd42e4dffb, max_idle_ns: 881590591483 ns
[    0.000000] Zone ranges:
[    0.000000]   DMA      [mem 0x0000000000001000-0x0000000000ffffff]
[    0.000000]   DMA32    [mem 0x0000000001000000-0x000000003ffeffff]
[    0.000000]   Normal   empty
[    0.000000]   Device   empty
[    0.000000] Movable zone start for each node
[    0.000000] Early memory node ranges
[    0.000000]   node   0: [mem 0x0000000000001000-0x000000000009efff]
[    0.000000]   node   0: [mem 0x0000000000100000-0x000000003ffeffff]
[    0.000000] Initmem setup node 0 [mem 0x0000000000001000-0x000000003ffeffff]
[    0.000000] ACPI: PM-Timer IO Port: 0x4008
[    0.000000] IOAPIC[0]: apic_id 2, version 32, address 0xfec00000, GSI 0-23
[    0.000000] ACPI: INT_SRC_OVR (bus 0 bus_irq 0 global_irq 2 dfl dfl)
[    0.000000] ACPI: INT_SRC_OVR (bus 0 bus_irq 9 global_irq 9 low level)
[    0.000000] Using ACPI (MADT) for SMP configuration information
[    0.000000] smpboot: Allowing 2 CPUs, 0 hotplug CPUs
[    0.000000] PM: Registered nosave memory: [mem 0x00000000-0x00000fff]
[    0.000000] PM: Registered nosave memory: [mem 0x0009f000-0x0009ffff]
[    0.000000] PM: Registered nosave memory: [mem 0x000a0000-0x000effff]
[    0.000000] PM: Registered nosave memory: [mem 0x000f0000-0x000fffff]
[    0.000000] e820: [mem 0x40000000-0xfebfffff] available for PCI devices
[    0.000000] Booting paravirtualized kernel on KVM
[    0.000000] clocksource: refined-jiffies: mask: 0xffffffff max_cycles: 0xffffffff, max_idle_ns: 7645519600211568 ns
[    0.000000] setup_percpu: NR_CPUS:512 nr_cpumask_bits:512 nr_cpu_ids:2 nr_node_ids:1
[    0.000000] PERCPU: Embedded 33 pages/cpu @ffff88003fc00000 s95192 r8192 d31784 u1048576
[    0.000000] Built 1 zonelists in Node order, mobility grouping on.  Total pages: 257912
[    0.000000] Policy zone: DMA32
[    0.000000] Kernel command line: BOOT_IMAGE=/boot/vmlinuz-4.4.0-210-generic root=LABEL=cloudimg-rootfs ro console=tty1 console=ttyS0
[    0.000000] PID hash table entries: 4096 (order: 3, 32768 bytes)
[    0.000000] Memory: 997792K/1048120K available (8644K kernel code, 1332K rwdata, 4044K rodata, 1492K init, 1164K bss, 50328K reserved, 0K cma-reserved)
[    0.000000] SLUB: HWalign=64, Order=0-3, MinObjects=0, CPUs=2, Nodes=1
[    0.000000] Hierarchical RCU implementation.
[    0.000000] 	Build-time adjustment of leaf fanout to 64.
[    0.000000] 	RCU restricting CPUs from NR_CPUS=512 to nr_cpu_ids=2.
[    0.000000] RCU: Adjusting geometry for rcu_fanout_leaf=64, nr_cpu_ids=2
[    0.000000] NR_IRQS:33024 nr_irqs:440 16
[    0.000000] Console: colour VGA+ 80x25
[    0.000000] console [tty1] enabled
[    0.000000] console [ttyS0] enabled
[    0.000000] tsc: Detected 1796.626 MHz processor
[    0.120363] Calibrating delay loop (skipped) preset value.. 3593.25 BogoMIPS (lpj=7186504)
[    0.121867] pid_max: default: 32768 minimum: 301
[    0.122582] ACPI: Core revision 20150930
[    0.123942] ACPI: 2 ACPI AML tables successfully acquired and loaded
[    0.124948] Security Framework initialized
[    0.125604] Yama: becoming mindful.
[    0.126206] AppArmor: AppArmor initialized
[    0.126916] Dentry cache hash table entries: 131072 (order: 8, 1048576 bytes)
[    0.128018] Inode-cache hash table entries: 65536 (order: 7, 524288 bytes)
[    0.129958] Mount-cache hash table entries: 2048 (order: 2, 16384 bytes)
[    0.130929] Mountpoint-cache hash table entries: 2048 (order: 2, 16384 bytes)
[    0.132045] Initializing cgroup subsys io
[    0.132778] Initializing cgroup subsys memory
[    0.133481] Initializing cgroup subsys devices
[    0.134238] Initializing cgroup subsys freezer
[    0.134973] Initializing cgroup subsys net_cls
[    0.135707] Initializing cgroup subsys perf_event
[    0.136405] Initializing cgroup subsys net_prio
[    0.137137] Initializing cgroup subsys hugetlb
[    0.137859] Initializing cgroup subsys pids
[    0.145409] mce: CPU supports 0 MCE banks
[    0.146099] Last level iTLB entries: 4KB 1024, 2MB 1024, 4MB 512
[    0.146897] Last level dTLB entries: 4KB 2048, 2MB 2048, 4MB 1024, 1GB 0
[    0.147859] Spectre V1 : Mitigation: usercopy/swapgs barriers and __user pointer sanitization
[    0.149158] Spectre V2 : Spectre mitigation: LFENCE not serializing, switching to generic retpoline
[    0.150551] Spectre V2 : Mitigation: Full generic retpoline
[    0.151341] Spectre V2 : Spectre v2 / SpectreRSB mitigation: Filling RSB on context switch
[    0.154783] Freeing SMP alternatives memory: 36K
[    0.160166] ftrace: allocating 32380 entries in 127 pages
[    0.210281] smpboot: APIC(0) Converting physical 0 to logical package 0
[    0.211255] smpboot: Max logical packages: 1
[    0.212270] x2apic enabled
[    0.212958] Switched APIC routing to physical x2apic.
[    0.214657] ..TIMER: vector=0x30 apic1=0 pin1=2 apic2=-1 pin2=-1
[    0.323575] APIC calibration not consistent with PM-Timer: 112ms instead of 100ms
[    0.324986] APIC delta adjusted to PM-Timer: 6434536 (7209782)
[    0.325902] smpboot: CPU0: AMD Ryzen 7 5700U with Radeon Graphics (family: 0x17, model: 0x68, stepping: 0x1)
[    0.327535] Performance Events: Broken PMU hardware detected, using software events only.
[    0.328924] Failed to access perfctr msr (MSR c0010007 is 0)
[    0.335211] KVM setup paravirtual spinlock
[    0.336644] x86: Booting SMP configuration:
[    0.337401] .... node  #0, CPUs:      #1
[    0.338226] kvm-clock: cpu 1, msr 0:3ffe3041, secondary cpu clock
[    0.346014] mce: CPU supports 0 MCE banks
[    0.348447] x86: Booted up 1 node, 2 CPUs
[    0.349258] smpboot: Total of 2 processors activated (7186.50 BogoMIPS)
[    0.350641] devtmpfs: initialized
[    0.353044] evm: security.selinux
[    0.353914] evm: security.SMACK64
[    0.354607] evm: security.SMACK64EXEC
[    0.355225] evm: security.SMACK64TRANSMUTE
[    0.355924] evm: security.SMACK64MMAP
[    0.356530] evm: security.ima
[    0.357068] evm: security.capability
[    0.358794] clocksource: jiffies: mask: 0xffffffff max_cycles: 0xffffffff, max_idle_ns: 7645041785100000 ns
[    0.360855] futex hash table entries: 512 (order: 3, 32768 bytes)
[    0.361925] pinctrl core: initialized pinctrl subsystem
[    0.363771] RTC time:  9:53:46, date: 10/18/22
[    0.365042] NET: Registered protocol family 16
[    0.375258] cpuidle: using governor ladder
[    0.389922] cpuidle: using governor menu
[    0.391004] PCCT header not found.
[    0.392053] ACPI: bus type PCI registered
[    0.392699] acpiphp: ACPI Hot Plug PCI Controller Driver version: 0.5
[    0.393654] PCI: Using configuration type 1 for base access
[    0.394479] PCI: Using configuration type 1 for extended access
[    0.410483] ACPI: Added _OSI(Module Device)
[    0.411245] ACPI: Added _OSI(Processor Device)
[    0.411975] ACPI: Added _OSI(3.0 _SCP Extensions)
[    0.412699] ACPI: Added _OSI(Processor Aggregator Device)
[    0.413875] ACPI: Executed 1 blocks of module-level executable AML code
[    0.416027] ACPI: Interpreter enabled
[    0.416632] ACPI: (supports S0 S5)
[    0.417514] ACPI: Using IOAPIC for interrupt routing
[    0.418410] PCI: Using host bridge windows from ACPI; if necessary, use "pci=nocrs" and report a bug
[    0.422165] ACPI: PCI Root Bridge [PCI0] (domain 0000 [bus 00-ff])
[    0.423110] acpi PNP0A03:00: _OSC: OS supports [ExtendedConfig ASPM ClockPM Segments MSI]
[    0.424745] acpi PNP0A03:00: _OSC: platform does not support [PCIeCapability]
[    0.425889] acpi PNP0A03:00: _OSC: not requesting control; platform does not support [PCIeCapability]
[    0.427261] acpi PNP0A03:00: _OSC: OS requested [PCIeHotplug PME AER PCIeCapability]
[    0.428490] acpi PNP0A03:00: _OSC: platform willing to grant [PCIeHotplug PME AER]
[    0.429695] acpi PNP0A03:00: _OSC failed (AE_SUPPORT); disabling ASPM
[    0.430861] PCI host bridge to bus 0000:00
[    0.439397] pci_bus 0000:00: root bus resource [io  0x0000-0x0cf7 window]
[    0.440365] pci_bus 0000:00: root bus resource [io  0x0d00-0xffff window]
[    0.441305] pci_bus 0000:00: root bus resource [mem 0x000a0000-0x000bffff window]
[    0.442651] pci_bus 0000:00: root bus resource [mem 0x40000000-0xfdffffff window]
[    0.443818] pci_bus 0000:00: root bus resource [bus 00-ff]
[    0.445956] pci 0000:00:01.1: legacy IDE quirk: reg 0x10: [io  0x01f0-0x01f7]
[    0.446939] pci 0000:00:01.1: legacy IDE quirk: reg 0x14: [io  0x03f6]
[    0.447796] pci 0000:00:01.1: legacy IDE quirk: reg 0x18: [io  0x0170-0x0177]
[    0.448803] pci 0000:00:01.1: legacy IDE quirk: reg 0x1c: [io  0x0376]
[    0.467184] pci 0000:00:07.0: quirk: [io  0x4000-0x403f] claimed by PIIX4 ACPI
[    0.468376] pci 0000:00:07.0: quirk: [io  0x4100-0x410f] claimed by PIIX4 SMB
[    0.476211] ACPI: PCI Interrupt Link [LNKA] (IRQs 5 9 10 *11)
[    0.477622] ACPI: PCI Interrupt Link [LNKB] (IRQs 5 9 *10 11)
[    0.478914] ACPI: PCI Interrupt Link [LNKC] (IRQs 5 *9 10 11)
[    0.480224] ACPI: PCI Interrupt Link [LNKD] (IRQs 5 9 10 *11)
[    0.481637] ACPI: Enabled 2 GPEs in block 00 to 07
[    0.482737] vgaarb: setting as boot device: PCI:0000:00:02.0
[    0.483587] vgaarb: device added: PCI:0000:00:02.0,decodes=io+mem,owns=io+mem,locks=none
[    0.484910] vgaarb: loaded
[    0.485408] vgaarb: bridge control possible 0000:00:02.0
[    0.486577] SCSI subsystem initialized
[    0.487536] ACPI: bus type USB registered
[    0.488233] usbcore: registered new interface driver usbfs
[    0.489040] usbcore: registered new interface driver hub
[    0.489847] usbcore: registered new device driver usb
[    0.491027] PCI: Using ACPI for IRQ routing
[    0.491974] NetLabel: Initializing
[    0.492573] NetLabel:  domain hash size = 128
[    0.493268] NetLabel:  protocols = UNLABELED CIPSOv4
[    0.494026] NetLabel:  unlabeled traffic allowed by default
[    0.495041] amd_nb: Cannot enumerate AMD northbridges
[    0.495938] clocksource: Switched to clocksource kvm-clock
[    0.502768] AppArmor: AppArmor Filesystem Enabled
[    0.503922] pnp: PnP ACPI init
[    0.505076] pnp: PnP ACPI: found 3 devices
[    0.516442] clocksource: acpi_pm: mask: 0xffffff max_cycles: 0xffffff, max_idle_ns: 2085701024 ns
[    0.518041] NET: Registered protocol family 2
[    0.518864] TCP established hash table entries: 8192 (order: 4, 65536 bytes)
[    0.519970] TCP bind hash table entries: 8192 (order: 5, 131072 bytes)
[    0.521138] TCP: Hash tables configured (established 8192 bind 8192)
[    0.522156] UDP hash table entries: 512 (order: 2, 16384 bytes)
[    0.523048] UDP-Lite hash table entries: 512 (order: 2, 16384 bytes)
[    0.524034] NET: Registered protocol family 1
[    0.524798] pci 0000:00:00.0: Limiting direct PCI/PCI transfers
[    0.525673] pci 0000:00:01.0: Activating ISA DMA hang workarounds
[    0.527465] Unpacking initramfs...
[    0.700251] Freeing initrd memory: 14888K
[    0.701280] clocksource: tsc: mask: 0xffffffffffffffff max_cycles: 0x19e5b66a75d, max_idle_ns: 440795268065 ns
[    0.702846] platform rtc_cmos: registered platform RTC device (no PNP device found)
[    0.704456] Scanning for low memory corruption every 60 seconds
[    0.705770] audit: initializing netlink subsys (disabled)
[    0.706609] audit: type=2000 audit(1666086831.361:1): initialized
[    0.707694] Initialise system trusted keyring
[    0.708658] HugeTLB registered 2 MB page size, pre-allocated 0 pages
[    0.710264] zbud: loaded
[    0.711075] VFS: Disk quotas dquot_6.6.0
[    0.711827] VFS: Dquot-cache hash table entries: 512 (order 0, 4096 bytes)
[    0.712981] squashfs: version 4.0 (2009/01/31) Phillip Lougher
[    0.715442] fuse init (API version 7.23)
[    0.716331] Key type big_key registered
[    0.716974] Allocating IMA MOK and blacklist keyrings.
[    0.720023] Key type asymmetric registered
[    0.720785] Asymmetric key parser 'x509' registered
[    0.721649] Block layer SCSI generic (bsg) driver version 0.4 loaded (major 249)
[    0.722939] io scheduler noop registered
[    0.723611] io scheduler deadline registered (default)
[    0.724969] io scheduler cfq registered
[    0.725672] pci_hotplug: PCI Hot Plug PCI Core version: 0.5
[    0.726502] pciehp: PCI Express Hot Plug Controller Driver version: 0.4
[    0.727522] ACPI: AC Adapter [AC] (on-line)
[    0.728221] input: Power Button as /devices/LNXSYSTM:00/LNXPWRBN:00/input/input0
[    0.729442] ACPI: Power Button [PWRF]
[    0.730123] input: Sleep Button as /devices/LNXSYSTM:00/LNXSLPBN:00/input/input1
[    0.731312] ACPI: Sleep Button [SLPF]
[    0.732211] GHES: HEST is not enabled!
[    0.732929] Serial: 8250/16550 driver, 32 ports, IRQ sharing enabled
[    0.733056] ACPI: Battery Slot [BAT0] (battery present)
[    0.755147] 00:02: ttyS0 at I/O 0x3f8 (irq = 4, base_baud = 115200) is a 16550A
[    0.759196] Linux agpgart interface v0.103
[    0.762143] loop: module loaded
[    0.763192] scsi host0: ata_piix
[    0.763889] scsi host1: ata_piix
[    0.764504] ata1: PATA max UDMA/33 cmd 0x1f0 ctl 0x3f6 bmdma 0xd000 irq 14
[    0.765474] ata2: PATA max UDMA/33 cmd 0x170 ctl 0x376 bmdma 0xd008 irq 15
[    0.766479] libphy: Fixed MDIO Bus: probed
[    0.767137] tun: Universal TUN/TAP device driver, 1.6
[    0.767888] tun: (C) 1999-2004 Max Krasnyansky <maxk@qualcomm.com>
[    0.768945] PPP generic driver version 2.4.2
[    0.769901] ehci_hcd: USB 2.0 'Enhanced' Host Controller (EHCI) Driver
[    0.770893] ehci-pci: EHCI PCI platform driver
[    0.771967] ehci-platform: EHCI generic platform driver
[    0.772941] ohci_hcd: USB 1.1 'Open' Host Controller (OHCI) Driver
[    0.773816] ohci-pci: OHCI PCI platform driver
[    0.774506] ohci-platform: OHCI generic platform driver
[    0.775338] uhci_hcd: USB Universal Host Controller Interface driver
[    0.776302] i8042: PNP: PS/2 Controller [PNP0303:PS2K,PNP0f03:PS2M] at 0x60,0x64 irq 1,12
[    0.777946] serio: i8042 KBD port at 0x60,0x64 irq 1
[    0.778748] serio: i8042 AUX port at 0x60,0x64 irq 12
[    0.779734] mousedev: PS/2 mouse device common for all mice
[    0.781123] input: AT Translated Set 2 keyboard as /devices/platform/i8042/serio0/input/input2
[    0.782766] rtc_cmos rtc_cmos: rtc core: registered rtc_cmos as rtc0
[    0.783868] rtc_cmos rtc_cmos: alarms up to one day, 114 bytes nvram
[    0.784771] i2c /dev entries driver
[    0.785396] device-mapper: uevent: version 1.0.3
[    0.786324] device-mapper: ioctl: 4.34.0-ioctl (2015-10-28) initialised: dm-devel@redhat.com
[    0.787621] ledtrig-cpu: registered to indicate activity on CPUs
[    0.788901] NET: Registered protocol family 10
[    0.789904] NET: Registered protocol family 17
[    0.790647] Key type dns_resolver registered
[    0.791988] registered taskstats version 1
[    0.792698] Loading compiled-in X.509 certificates
[    0.793818] Loaded X.509 cert 'Build time autogenerated kernel key: cf00e047681d67edb2720680708b7d9498083038'
[    0.795357] zswap: loaded using pool lzo/zbud
[    0.797544] Key type trusted registered
[    0.801106] Key type encrypted registered
[    0.802292] AppArmor: AppArmor sha1 policy hashing enabled
[    0.803255] ima: No TPM chip found, activating TPM-bypass!
[    0.804090] ima: Allocated hash algorithm: sha1
[    0.805032] evm: HMAC attrs: 0x1
[    0.805857]   Magic number: 10:669:879
[    0.806545] rtc_cmos rtc_cmos: setting system clock to 2022-10-18 09:53:46 UTC (1666086826)
[    0.807983] BIOS EDD facility v0.16 2004-Jun-25, 0 devices found
[    0.808841] EDD information not available.
[    0.947907] Freeing unused kernel memory: 1492K
[    0.948887] Write protecting the kernel read-only data: 14336k
[    0.950143] Freeing unused kernel memory: 1584K
[    0.951212] Freeing unused kernel memory: 52K
Loading, please wait...
starting version 229
[    0.963223] random: systemd-udevd: uninitialized urandom read (16 bytes read, 2 bits of entropy available)
[    0.963654] random: udevadm: uninitialized urandom read (16 bytes read, 2 bits of entropy available)
[    0.963673] random: udevadm: uninitialized urandom read (16 bytes read, 2 bits of entropy available)
[    0.967578] random: systemd-udevd: uninitialized urandom read (16 bytes read, 2 bits of entropy available)
[    0.969056] random: systemd-udevd: uninitialized urandom read (16 bytes read, 2 bits of entropy available)
[    0.969737] random: udevadm: uninitialized urandom read (16 bytes read, 2 bits of entropy available)
[    0.969779] random: udevadm: uninitialized urandom read (16 bytes read, 2 bits of entropy available)
[    0.969912] random: udevadm: uninitialized urandom read (16 bytes read, 2 bits of entropy available)
[    0.969947] random: udevadm: uninitialized urandom read (16 bytes read, 2 bits of entropy available)
[    0.969984] random: udevadm: uninitialized urandom read (16 bytes read, 2 bits of entropy available)
[    1.005394] e1000: Intel(R) PRO/1000 Network Driver - version 7.3.21-k8-NAPI
[    1.006461] e1000: Copyright (c) 1999-2006 Intel Corporation.
[    1.007574] Fusion MPT base driver 3.04.20
[    1.008346] Copyright (c) 1999-2008 LSI Corporation
[    1.012814] Fusion MPT SPI Host driver 3.04.20
[    1.026497] AVX2 version of gcm_enc/dec engaged.
[    1.027243] AES CTR mode by8 optimization enabled
[    1.215178] input: ImExPS/2 Generic Explorer Mouse as /devices/platform/i8042/serio1/input/input4
[    1.699877] e1000 0000:00:03.0 eth0: (PCI:33MHz:32-bit) 02:be:82:6b:cc:1d
[    1.701431] e1000 0000:00:03.0 eth0: Intel(R) PRO/1000 Network Connection
[    1.703783] mptbase: ioc0: Initiating bringup
[    1.705141] e1000 0000:00:03.0 enp0s3: renamed from eth0
[    2.034810] ioc0: LSI53C1030 A0: Capabilities={Initiator}
[    4.111836] scsi host2: ioc0: LSI53C1030 A0, FwRev=00000000h, Ports=1, MaxQ=256, IRQ=20
[    5.204160] scsi 2:0:0:0: Direct-Access     VBOX     HARDDISK         1.0  PQ: 0 ANSI: 5
[    5.214388] scsi target2:0:0: Beginning Domain Validation
[    5.217023] scsi target2:0:0: Domain Validation skipping write tests
[    5.217936] scsi target2:0:0: Ending Domain Validation
[    5.218780] scsi target2:0:0: asynchronous
[    5.220754] scsi 2:0:1:0: Direct-Access     VBOX     HARDDISK         1.0  PQ: 0 ANSI: 5
[    5.222052] scsi target2:0:1: Beginning Domain Validation
[    5.223614] scsi target2:0:1: Domain Validation skipping write tests
[    5.224486] scsi target2:0:1: Ending Domain Validation
[    5.225250] scsi target2:0:1: asynchronous
[    5.232451] sd 2:0:0:0: Attached scsi generic sg0 type 0
[    5.233304] sd 2:0:0:0: [sda] 83886080 512-byte logical blocks: (42.9 GB/40.0 GiB)
[    5.234677] sd 2:0:1:0: [sdb] 20480 512-byte logical blocks: (10.5 MB/10.0 MiB)
[    5.235899] sd 2:0:1:0: Attached scsi generic sg1 type 0
[    5.236777] sd 2:0:0:0: [sda] Write Protect is off
[    5.236811] sd 2:0:1:0: [sdb] Write Protect is off
[    5.236933] sd 2:0:1:0: [sdb] Incomplete mode parameter data
[    5.236935] sd 2:0:1:0: [sdb] Assuming drive cache: write through
[    5.240652] sd 2:0:0:0: [sda] Incomplete mode parameter data
[    5.241610] sd 2:0:0:0: [sda] Assuming drive cache: write through
[    5.249595]  sda: sda1
[    5.250344] sd 2:0:1:0: [sdb] Attached SCSI disk
[    5.251604] sd 2:0:0:0: [sda] Attached SCSI disk
Begin: Loading essential drivers ... [    6.575009] md: linear personality registered for level -1
[    6.577418] md: multipath personality registered for level -4
[    6.579761] md: raid0 personality registered for level 0
[    6.582808] md: raid1 personality registered for level 1
[    6.652775] raid6: sse2x1   gen()  8618 MB/s
[    6.720189] raid6: sse2x1   xor()  8382 MB/s
[    6.789580] raid6: sse2x2   gen() 17303 MB/s
[    6.856856] raid6: sse2x2   xor() 11620 MB/s
[    6.924073] raid6: sse2x4   gen() 18311 MB/s
[    6.992124] raid6: sse2x4   xor()  8905 MB/s
[    7.060458] raid6: avx2x1   gen() 18000 MB/s
[    7.128790] raid6: avx2x2   gen() 34489 MB/s
[    7.196221] raid6: avx2x4   gen() 31311 MB/s
[    7.197108] raid6: using algorithm avx2x2 gen() 34489 MB/s
[    7.198044] raid6: using avx2x2 recovery algorithm
[    7.199738] xor: automatically using best checksumming function:
[    7.241252]    avx       : 19894.000 MB/sec
[    7.242708] async_tx: api initialized (async)
[    7.250127] md: raid6 personality registered for level 6
[    7.251097] md: raid5 personality registered for level 5
[    7.252642] md: raid4 personality registered for level 4
[    7.258814] md: raid10 personality registered for level 10
done.
Begin: Running /scripts/init-premount ... done.
Begin: Mounting root file system ... Begin: Running /scripts/local-top ... done.
Begin: Running /scripts/local-premount ... [    7.288835] Btrfs loaded
Scanning for Btrfs filesystems
done.
Warning: fsck not present, so skipping root file system
[    7.322015] EXT4-fs (sda1): mounted filesystem with ordered data mode. Opts: (null)
done.
Begin: Running /scripts/local-bottom ... done.
Begin: Running /scripts/init-bottom ... done.
[    7.419027] systemd[1]: systemd 229 running in system mode. (+PAM +AUDIT +SELINUX +IMA +APPARMOR +SMACK +SYSVINIT +UTMP +LIBCRYPTSETUP +GCRYPT +GNUTLS +ACL +XZ -LZ4 +SECCOMP +BLKID +ELFUTILS +KMOD -IDN)
[    7.422165] systemd[1]: Detected virtualization oracle.
[    7.422974] systemd[1]: Detected architecture x86-64.

Welcome to [1mUbuntu 16.04.7 LTS[0m!

[    7.426364] systemd[1]: Set hostname to <ubuntu>.
[    7.429404] systemd[1]: Initializing machine ID from random generator.
[    7.430609] systemd[1]: Installed transient /etc/machine-id file.
[    7.567920] systemd[1]: Reached target Encrypted Volumes.
[[0;32m  OK  [0m] Reached target Encrypted Volumes.
[    7.569518] systemd[1]: Started Forward Password Requests to Wall Directory Watch.
[[0;32m  OK  [0m] Started Forward Password Requests to Wall Directory Watch.
[    7.572207] systemd[1]: Listening on LVM2 metadata daemon socket.
[[0;32m  OK  [0m] Listening on LVM2 metadata daemon socket.
[    7.573791] systemd[1]: Reached target User and Group Name Lookups.
[[0;32m  OK  [0m] Reached target User and Group Name Lookups.
[    7.575383] systemd[1]: Listening on fsck to fsckd communication Socket.
[[0;32m  OK  [0m] Listening on fsck to fsckd communication Socket.
[    7.577055] systemd[1]: Started Trigger resolvconf update for networkd DNS.
[[0;32m  OK  [0m] Started Trigger resolvconf update for networkd DNS.
[    7.578625] systemd[1]: Listening on Device-mapper event daemon FIFOs.
[[0;32m  OK  [0m] Listening on Device-mapper event daemon FIFOs.
[    7.580220] systemd[1]: Listening on udev Kernel Socket.
[[0;32m  OK  [0m] Listening on udev Kernel Socket.
[    7.581773] systemd[1]: Listening on /dev/initctl Compatibility Named Pipe.
[[0;32m  OK  [0m] Listening on /dev/initctl Compatibility Named Pipe.
[    7.588659] systemd[1]: Created slice User and Session Slice.
[[0;32m  OK  [0m] Created slice User and Session Slice.
[    7.590535] systemd[1]: Listening on Journal Socket.
[[0;32m  OK  [0m] Listening on Journal Socket.
[    7.592097] systemd[1]: Listening on LVM2 poll daemon socket.
[[0;32m  OK  [0m] Listening on LVM2 poll daemon socket.
[    7.593616] systemd[1]: Listening on Journal Audit Socket.
[[0;32m  OK  [0m] Listening on Journal Audit Socket.
[    7.595107] systemd[1]: Set up automount Arbitrary Executable File Formats File System Automount Point.
[[0;32m  OK  [0m] Set up automount Arbitrary Executab...ats File System Automount Point.
[    7.597492] systemd[1]: Created slice System Slice.
[[0;32m  OK  [0m] Created slice System Slice.
[    7.598800] systemd[1]: Reached target Slices.
[[0;32m  OK  [0m] Reached target Slices.
[    7.617532] systemd[1]: Mounting POSIX Message Queue File System...
         Mounting POSIX Message Queue File System...
[    7.622188] systemd[1]: Starting Nameserver information manager...
         Starting Nameserver information manager...
[    7.629007] systemd[1]: Created slice system-serial\x2dgetty.slice.
[[0;32m  OK  [0m] Created slice system-serial\x2dgetty.slice.
[    7.632978] systemd[1]: Starting Set console keymap...
         Starting Set console keymap...
[    7.641491] systemd[1]: Starting Create list of required static device nodes for the current kernel...
         Starting Create list of required st... nodes for the current kernel...
[    7.644523] systemd[1]: Mounting Huge Pages File System...
         Mounting Huge Pages File System...
[    7.651640] systemd[1]: Starting Load Kernel Modules...
         Starting Load Kernel Modules...
[    7.654174] systemd[1]: Starting Uncomplicated firewall...
         Starting Uncomplicated firewall...
[    7.657282] systemd[1]: Mounting Debug File System...
         Mounting Debug File System...
[    7.660189] systemd[1]: Starting Monitoring of LVM2 mirrors, snapshots etc. using dmeventd or progress polling...
         Starting Monitoring of LVM2 mirrors... dmeventd or progress polling...
[    7.663632] systemd[1]: Listening on Syslog Socket.
[[0;32m  OK  [0m] Listening on Syslog Socket.
[    7.665976] systemd[1]: Listening on udev Control Socket.
[[0;32m  OK  [0m] Listening on udev Control Socket.
[    7.672963] systemd[1]: Reached target System Time Synchronized.
[[0;32m  OK  [0m] Reached target System Time Synchronized.
[    7.674718] systemd[1]: Listening on Journal Socket (/dev/log).
[[0;32m  OK  [0m] Listening on Journal Socket (/dev/log).
[    7.676677] systemd[1]: Starting Journal Service...
         Starting Journal Service...
[    7.682781] Loading iSCSI transport class v2.0-870.
[    7.689061] systemd[1]: Reached target Swap.
[[0;32m  OK  [0m] Reached target Swap.
[    7.693326] systemd[1]: Starting File System Check on Root Device...
         Starting File System Check on Root Device...
[    7.696421] systemd[1]: Mounted Huge Pages File System.
[[0;32m  OK  [0m] Mounted Huge Pages File System.
[    7.697999] systemd[1]: Mounted POSIX Message Queue File System.
[[0;32m  OK  [0m] Mounted POSIX Message Queue File System.
[    7.700024] systemd[1]: Mounted Debug File System.
[[0;32m  OK  [0m] Mounted Debug File System.
[    7.703414] systemd[1]: Started Set console keymap.
[[0;32m  OK  [0m] Started Set console keymap.
[    7.707987] systemd[1]: Started Create list of required static device nodes for the current kernel.
[[0;32m  OK  [0m] Started Create list of required sta...ce nodes for the current kernel.
[    7.710911] systemd[1]: Started Uncomplicated firewall.
[[0;32m  OK  [0m] Started Uncomplicated firewall.
[    7.714850] systemd[1]: Started Nameserver information manager.
[[0;32m  OK  [0m] Started Nameserver information manager.
[    7.719217] iscsi: registered transport (tcp)
[    7.721875] systemd[1]: Started Journal Service.
[[0;32m  OK  [0m] Started Journal Service.
[[0;32m  OK  [0m] Started File System Check Daemon to report status.
[[0;32m  OK  [0m] Started LVM2 metadata daemon.
         Starting Create Static Device Nodes in /dev...
[[0;32m  OK  [0m] Started File System Check on Root Device.
[    7.749960] iscsi: registered transport (iser)
         Starting Remount Root and Kernel File Systems...
[[0;32m  OK  [0m] Started Load Kernel Modules.
[[0;32m  OK  [0m] Started Create Static Device Nodes in /dev.
         Starting udev Kernel Device Manager...
         Mounting FUSE Control File System...
[    7.771852] EXT4-fs (sda1): re-mounted. Opts: (null)
         Starting Apply Kernel Variables...
[[0;32m  OK  [0m] Mounted FUSE Control File System.
[[0;32m  OK  [0m] Started Remount Root and Kernel File Systems.
         Starting Flush Journal to Persistent Storage...
         Starting udev Coldplug all Devices...
         Starting Load/Save Random Seed...
[[0;32m  OK  [0m] Started Apply Kernel Variables.
[[0;32m  OK  [0m] Started Flush Journal to Persistent Storage.
[[0;32m  OK  [0m] Started Load/Save Random Seed.
[[0;32m  OK  [0m] Started udev Kernel Device Manager.
[[0;32m  OK  [0m] Started udev Coldplug all Devices.
[[0;32m  OK  [0m] Started Dispatch Password Requests to Console Directory Watch.
[[0;32m  OK  [0m] Found device /dev/ttyS0.
[[0;32m  OK  [0m] Started Monitoring of LVM2 mirrors,...ng dmeventd or progress polling.
[[0;32m  OK  [0m] Reached target Local File Systems (Pre).
[[0;32m  OK  [0m] Reached target Local File Systems.
         Starting LSB: AppArmor initialization...
         Starting Commit a transient machine-id on disk...
         Starting Create Volatile Files and Directories...
         Starting Tell Plymouth To Write Out Runtime Data...
         Starting Set console font and keymap...
         Starting Initial cloud-init job (pre-networking)...
[[0;32m  OK  [0m] Listening on Load/Save RF Kill Switch Status /dev/rfkill Watch.
[[0;32m  OK  [0m] Started Commit a transient machine-id on disk.
[[0;32m  OK  [0m] Started Create Volatile Files and Directories.
[[0;32m  OK  [0m] Started Tell Plymouth To Write Out Runtime Data.
         Starting Update UTMP about System Boot/Shutdown...
[[0;32m  OK  [0m] Started Update UTMP about System Boot/Shutdown.
[[0;32m  OK  [0m] Started Set console font and keymap.
[[0;32m  OK  [0m] Created slice system-getty.slice.
[    9.349524] cloud-init[639]: Cloud-init v. 21.1-19-gbad84ad4-0ubuntu1~16.04.2 running 'init-local' at Tue, 18 Oct 2022 09:53:54 +0000. Up 9.01 seconds.
[[0;32m  OK  [0m] Started LSB: AppArmor initialization.
         Starting Load AppArmor profiles managed internally by snapd...
[[0;32m  OK  [0m] Started Initial cloud-init job (pre-networking).
[[0;32m  OK  [0m] Reached target Network (Pre).
         Starting Raise network interfaces...
[[0;32m  OK  [0m] Started Load AppArmor profiles managed internally by snapd.
[[0;32m  OK  [0m] Started Raise network interfaces.
[[0;32m  OK  [0m] Reached target Network.
         Starting Initial cloud-init job (metadata service crawler)...
[   10.423710] cloud-init[946]: Cloud-init v. 21.1-19-gbad84ad4-0ubuntu1~16.04.2 running 'init' at Tue, 18 Oct 2022 09:53:55 +0000. Up 9.96 seconds.
[   10.433154] cloud-init[946]: ci-info: ++++++++++++++++++++++++++++++++++++++Net device info++++++++++++++++++++++++++++++++++++++
[   10.441004] cloud-init[946]: ci-info: +--------+------+----------------------------+---------------+--------+-------------------+
[   10.441983] cloud-init[946]: ci-info: | Device |  Up  |          Address           |      Mask     | Scope  |     Hw-Address    |
[   10.442986] cloud-init[946]: ci-info: +--------+------+----------------------------+---------------+--------+-------------------+
[   10.443952] cloud-init[946]: ci-info: | enp0s3 | True |         10.0.2.15          | 255.255.255.0 | global | 02:be:82:6b:cc:1d |
[   10.445530] cloud-init[946]: ci-info: | enp0s3 | True | fe80::be:82ff:fe6b:cc1d/64 |       .       |  link  | 02:be:82:6b:cc:1d |
[   10.446932] cloud-init[946]: ci-info: |   lo   | True |         127.0.0.1          |   255.0.0.0   |  host  |         .         |
[   10.448031] cloud-init[946]: ci-info: |   lo   | True |          ::1/128           |       .       |  host  |         .         |
[   10.448977] cloud-init[946]: ci-info: +--------+------+----------------------------+---------------+--------+-------------------+
[   10.449878] cloud-init[946]: ci-info: +++++++++++++++++++++++++++Route IPv4 info++++++++++++++++++++++++++++
[   10.457490] cloud-init[946]: ci-info: +-------+-------------+----------+---------------+-----------+-------+
[   10.458627] cloud-init[946]: ci-info: | Route | Destination | Gateway  |    Genmask    | Interface | Flags |
[   10.459630] cloud-init[946]: ci-info: +-------+-------------+----------+---------------+-----------+-------+
[   10.460451] cloud-init[946]: ci-info: |   0   |   0.0.0.0   | 10.0.2.2 |    0.0.0.0    |   enp0s3  |   UG  |
[   10.469354] cloud-init[946]: ci-info: |   1   |   10.0.2.0  | 0.0.0.0  | 255.255.255.0 |   enp0s3  |   U   |
[   10.470371] cloud-init[946]: ci-info: +-------+-------------+----------+---------------+-----------+-------+
[   10.471303] cloud-init[946]: ci-info: +++++++++++++++++++Route IPv6 info+++++++++++++++++++
[   10.476883] cloud-init[946]: ci-info: +-------+-------------+---------+-----------+-------+
[   10.477838] cloud-init[946]: ci-info: | Route | Destination | Gateway | Interface | Flags |
[   10.485868] cloud-init[946]: ci-info: +-------+-------------+---------+-----------+-------+
[   10.486989] cloud-init[946]: ci-info: |   0   |  fe80::/64  |    ::   |   enp0s3  |   U   |
[   10.488056] cloud-init[946]: ci-info: |   3   |   ff00::/8  |    ::   |   enp0s3  |   U   |
[   10.488760] cloud-init[946]: ci-info: +-------+-------------+---------+-----------+-------+
[   10.496861] cloud-init[946]: Generating public/private rsa key pair.
[   10.504428] cloud-init[946]: Your identification has been saved in /etc/ssh/ssh_host_rsa_key.
[[0;32m  OK  [0m] Started Initial cloud-init job (metadata service crawler).
[[0;32m  OK  [0m] Reached target System Initialization.
[   10.504892] cloud-init[946]: Your public key has been saved in /etc/ssh/ssh_host_rsa_key.pub.
         Starting LXD - unix socket.
[   10.513330] cloud-init[946]: The key fingerprint is:
[   10.520771] [cloud-init[0;32m  OK  [0m[946]: ] SHA256:X9lEs5o4xGTa2Kwxw+uENvP61L432eP+/A0n5Xj8D3M root@ubuntu-xenialStarted ACPI Events Check.

[   10.522006] [[0;32m  OK  [0m] Reached target Paths.
[[0;32m  OK  [0m] Listening on UUID daemon activation socket.
[[0;32m  OK  [0m] Started Message of the Day.
[[0;32m  OK  [0m] Listening on ACPID Listen Socket.
[[0;32m  OK  [0m] Started Daily Cleanup of Temporary Directories.
[[0;32m  OK  [0m] Started Ubuntu Advantage update messaging.
         Starting Socket activation for snappy daemon.
[[0;32m  OK  [0m] Started Daily apt download activities.
[[0;32m  OK  [0m] Started Daily apt upgrade and clean activities.
[[0;32m  OK  [0m] Reached target Timers.
[[0;32m  OK  [0m] Listening on D-Bus System Message Bus Socket.
[[0;32m  OK  [0m] Reached target Cloud-config availability.
[[0;32m  OK  [0m] Reached target Network is Online.
cloud-init[946]: The key's randomart image is:
[   10.526708] cloud-init[946]: +---[RSA 2048]----+
[   10.527320] cloud-init[946]: |          o   o  |
[   10.533216] cloud-init[946]: |       . X   . o |
[   10.534424] cloud-init[946]: |        B *   o  |
[   10.534980] cloud-init[946]: |       . B . *   |
[   10.535559] cloud-init[946]: |      = S o = . .|
[   10.536122] cloud-init[946]: |     . * o o   = |
[   10.536697]          Starting iSCSI initiator daemon (iscsid)...
[[0;32m  OK  [0m] Listening on LXD - unix socket.
[[0;32m  OK  [0m] Listening on Socket activation for snappy daemon.
[[0;32m  OK  [0m] Reached target Sockets.
[[0;32m  OK  [0m] Reached target Basic System.
cloud-init[[946]: [0;32m  OK  [0m] |        + o  o* E|Started D-Bus System Message Bus.

[   10.540508] cloud-init[946]: |       o .  + oXo|
[   10.541481] cloud-init[946]: |      ... oo +ooX|
[   10.552422] cloud-init[946]: +----[SHA256]-----+
[   10.552908] cloud-init[946]: Generating public/private dsa key pair.
[   10.553647] cloud-init[946]: Your identification has been saved in /etc/ssh/ssh_host_dsa_key.
         Starting LSB: Record successful boot for GRUB...
[   10.571144] cloud-init[946]: Your public key has been saved in /etc/ssh/ssh_host_dsa_key.pub.
[   10.576846] cloud-init[946]: The key fingerprint is:
[   10.576953] cloud-init[946]: SHA256:oQhN7Eoa4XcpUjtBpQOnII7xnp28Tuv3K8nsEMRSahw root@ubuntu-xenial
[[0;32m  OK  [0m] Started ACPI event daemon.
[   10.576987] cloud-init[946]: The key's randomart image is:
[   10.585335] cloud-init[946]: +---[DSA 1024]----+
[   10.585464] cloud-init[946]: |+.E++.           |
         Starting Virtualbox guest utils...
[   10.585514] cloud-init[946]: |*++Xo            |
[   10.585763] cloud-init[946]: |o+O+* . .        |
[   10.588741] cloud-init[946]: |.=.%o= . .       |
         Starting Pollinate to seed the pseudo random number generator...
         Starting /etc/rc.local Compatibility...
         Starting System Logging Service...
[   10.602307] cloud-init[946]: | +=.X . S        |
[   10.606956] cloud-init[946]: |. .  o           |
[[0;32m  OK  [0m] Started FUSE filesystem for LXC.
         Starting LSB: MD monitoring daemon...
         Starting Accounts Service...
[[0;32m  OK  [0m] Started Regular background program processing daemon.
[[0;32m  OK  [0m] Started Deferred execution scheduler.
         Starting Login Service...
         Starting Snap Daemon...
[   10.608502] cloud-init[946]: |    +o .         |
         Starting LXD - container startup/shutdown...
[[0;32m  OK  [0m] Started /etc/rc.local Compatibility.
[   10.632642] cloud-init[946]: |   o o*          |
[   10.636664] cloud-init[946]: |   .+o.oo.       |
[[0;32m  OK  [0m] Started iSCSI initiator daemon (iscsid).
[[0;32m  OK  [0m] Started System Logging Service.
[[0;32m  OK  [0m] Started Login Service.
[   10.643118] cloud-init[946]: +----[SHA256]-----+
[   10.652577] cloud-init[946]: Generating public/private ecdsa key pair.
[   10.653459] cloud-init[946]: Your identification has been saved in /etc/ssh/ssh_host_ecdsa_key.
[   10.654828] cloud-init[946]: Your public key has been saved in /etc/ssh/ssh_host_ecdsa_key.pub.
[   10.657712] cloud-init[946]: The key fingerprint is:
[[   10.661104] cloud-init[946]: SHA256:jEniWq7qQUPmzZLZjzcg4v2pXkaOXKmna1ZOq6iD5HA root@ubuntu-xenial
[   10.661207] cloud-init[946]: The key's randomart image is:
[   10.661312] cloud-init[946]: +---[ECDSA 256]---+
[0;32m  OK  [0m] Started Unattended Upgrades Shutdown.
[   10.661346] cloud-init[946]: |                 |
[   10.663561] cloud-init[946]: |                 |
         Starting Login to default iSCSI targets...
[   10.665846] cloud-init[946]: | o  . .          |
[[0;32m  OK  [0m] Started LSB: Record successful boot for GRUB.
[   10.680269] cloud-init[946]: |+ *. o.+         |
[[0;32m  OK  [0m] Started Login to default iSCSI targets.
[[0;32m  OK  [0m] Reached target Remote File Systems (Pre).[   10.686432] cloud-init[946]: |.O =o+o S        |
[   10.688791] cloud-init[946]: |=.E+Xo           |
[   10.688871] cloud-init[946]: |=+.*=O.          |
[   10.688940] cloud-init[946]: |o.o+Boo          |
[   10.689088] cloud-init[946]: |===*+o           |
[   10.689214] cloud-init[946]: +----[SHA256]-----+
[   10.689287] cloud-init[946]: Generating public/private ed25519 key pair.
[   10.689423] cloud-init[946]: Your identification has been saved in /etc/ssh/ssh_host_ed25519_key.
[   10.689564] cloud-init[946]: Your public key has been saved in /etc/ssh/ssh_host_ed25519_key.pub.
[   10.689636] cloud-init[946]: The key fingerprint is:
[   10.689708] cloud-init[946]: SHA256:53cOH41end4wfJLXWeWkOuk+DcfTTXFFtZGYgJBs6sU root@ubuntu-xenial
[   10.689775] cloud-init[946]: The key's randomart image is:
[   10.689848] cloud-init[946]: +--[ED25519 256]--+
[   10.689915] cloud-init[946]: |      ..o ... ooB|
[   10.690043] cloud-init[946]: |       + .   o o+|
[   10.690112] cloud-init[946]: |      +        .=|
[   10.690244] cloud-init[946]: |     . E       +o|
[   10.690309] cloud-init[946]: |    . . S .  ..o+|
[   10.690461] cloud-init[946]: |     .   o  .+++O|
[   10.690504] cloud-init[946]: |          . *+X+B|
[   10.690577] cloud-init[946]: |           o.BoO.|
[   10.690900] cloud-init[946]: |           .o.+..|
[   10.690928] cloud-init[946]: +----[SHA256]-----+

[[0;32m  OK  [0m] Reached target Remote File Systems.
         Starting Permit User Sessions...
         Starting LSB: automatic crash report generation...
         Starting LSB: Set the CPU Frequency Scaling governor to "ondemand"...
         Starting LSB: daemon to balance interrupts for SMP systems...
[[0;32m  OK  [0m] Started LSB: MD monitoring daemon.
[[0;32m  OK  [0m] Started Permit User Sessions.
         Starting Hold until boot process finishes up...
         Starting Terminate Plymouth Boot Screen...
[[0;32m  OK  [0m] Started Hold until boot process finishes up.
         Starting Set console scheme...
[[0;32m  OK  [0m] Started Getty on tty1.
[[0;32m  OK  [0m] Started Serial Getty on ttyS0.
[[0;32m  OK  [0m] Reached target Login Prompts.
[[0;32m  OK  [0m] Started Terminate Plymouth Boot Screen.
[[0;32m  OK  [0m] Started Set console scheme.
[[0;32m  OK  [0m] Started LSB: Set the CPU Frequency Scaling governor to "ondemand".
[[0;32m  OK  [0m] Started LSB: automatic crash report generation.
[[0;32m  OK  [0m] Started Virtualbox guest utils.
         Starting Authenticate and Authorize Users to Run Privileged Tasks...
[[0;32m  OK  [0m] Started LSB: daemon to balance interrupts for SMP systems.
[[0;32m  OK  [0m] Started Authenticate and Authorize Users to Run Privileged Tasks.
[[0;32m  OK  [0m] Started Accounts Service.
[[0;32m  OK  [0m] Started LXD - container startup/shutdown.
[[0;32m  OK  [0m] Started Snap Daemon.
         Starting Wait until snapd is fully seeded...
[[0;32m  OK  [0m] Started Pollinate to seed the pseudo random number generator.
         Starting OpenBSD Secure Shell server...
[[0;32m  OK  [0m] Started OpenBSD Secure Shell server.
[[0;32m  OK  [0m] Started Wait until snapd is fully seeded.
         Starting Apply the settings specified in cloud-config...
[[0;32m  OK  [0m] Reached target Multi-User System.
[[0;32m  OK  [0m] Reached target Graphical Interface.
         Starting Update UTMP about System Runlevel Changes...
[[0;32m  OK  [0m] Started Update UTMP about System Runlevel Changes.
[[0;32m  OK  [0m] Created slice User Slice of vagrant.
         Starting User Manager for UID 1000...
[[0;32m  OK  [0m] Started Session 1 of user vagrant.
[[0;32m  OK  [0m] Started User Manager for UID 1000.
[   13.009513] cloud-init[1286]: Generating locales (this might take a while)...
[   13.962376] cloud-init[1286]:   en_US.UTF-8... done
[   13.966766] cloud-init[1286]: Generation complete.
[   14.270495] cloud-init[1286]: Cloud-init v. 21.1-19-gbad84ad4-0ubuntu1~16.04.2 running 'modules:config' at Tue, 18 Oct 2022 09:53:58 +0000. Up 12.87 seconds.
[[0;32m  OK  [0m] Started Apply the settings specified in cloud-config.
         Starting Execute cloud user/final scripts...
ci-info: no authorized SSH keys fingerprints found for user ubuntu.
<14>Oct 18 09:54:00 ec2: 
<14>Oct 18 09:54:00 ec2: #############################################################
<14>Oct 18 09:54:00 ec2: -----BEGIN SSH HOST KEY FINGERPRINTS-----
<14>Oct 18 09:54:00 ec2: 1024 SHA256:oQhN7Eoa4XcpUjtBpQOnII7xnp28Tuv3K8nsEMRSahw root@ubuntu-xenial (DSA)
<14>Oct 18 09:54:00 ec2: 256 SHA256:jEniWq7qQUPmzZLZjzcg4v2pXkaOXKmna1ZOq6iD5HA root@ubuntu-xenial (ECDSA)
<14>Oct 18 09:54:00 ec2: 256 SHA256:53cOH41end4wfJLXWeWkOuk+DcfTTXFFtZGYgJBs6sU root@ubuntu-xenial (ED25519)
<14>Oct 18 09:54:00 ec2: 2048 SHA256:X9lEs5o4xGTa2Kwxw+uENvP61L432eP+/A0n5Xj8D3M root@ubuntu-xenial (RSA)
<14>Oct 18 09:54:00 ec2: -----END SSH HOST KEY FINGERPRINTS-----
<14>Oct 18 09:54:00 ec2: #############################################################
-----BEGIN SSH HOST KEY KEYS-----
ecdsa-sha2-nistp256 AAAAE2VjZHNhLXNoYTItbmlzdHAyNTYAAAAIbmlzdHAyNTYAAABBBLATiuqNf4rVcpcfWnAd/IPQvG+CmZ2eivN+WzkgppFocymuzaT37M0Bx5cRGclI0Nc/LD3gpz0ZgvilaSkKZKM= root@ubuntu-xenial
ssh-ed25519 AAAAC3NzaC1lZDI1NTE5AAAAIOE4hecrfPrPIcpHEh2BKYpuwDep5nYUeY+x8HZgsrBY root@ubuntu-xenial
ssh-rsa AAAAB3NzaC1yc2EAAAADAQABAAABAQCzA/DTxrCTJZyCICPYB5stzsY2OZhVvpjrkPQXjFFV5Cref36fbeW6PUWLBnCm4yoMJI358qCIf4zRBXZLyCSu+KW8Bg8+6Bv2kMc9a0JQeYSdBalfj4HhcniPGt336KZlCkeSSJ+IBnrg0a6JFSzzRKarapitoiuOTft9afqvTxzoUVEAs96vjg0OcxTwITleNwpFT+WWmZODzeR/5qxHox8lbwuITZt0bpj48PKYE8yfP+0W2s4f+Oa7aT8IN/8tF9lsdR7/qTrOkkKQuIVXF5JayDW2pTNNqbumx2BVZbicsETZMjCVD2lsOEZTjA+ApKO33Y0BL7LEK/3AkW4V root@ubuntu-xenial
-----END SSH HOST KEY KEYS-----
[   14.844612] cloud-init[1468]: Cloud-init v. 21.1-19-gbad84ad4-0ubuntu1~16.04.2 running 'modules:final' at Tue, 18 Oct 2022 09:54:00 +0000. Up 14.65 seconds.
[   14.845938] cloud-init[1468]: ci-info: no authorized SSH keys fingerprints found for user ubuntu.
[   14.852929] cloud-init[1468]: Cloud-init v. 21.1-19-gbad84ad4-0ubuntu1~16.04.2 finished at Tue, 18 Oct 2022 09:54:00 +0000. Datasource DataSourceNoCloud [seed=/dev/sdb][dsmode=net].  Up 14.83 seconds
[[0;32m  OK  [0m] Started Execute cloud user/final scripts.
[[0;32m  OK  [0m] Reached target Cloud-init target.

Ubuntu 16.04.7 LTS ubuntu-xenial ttyS0

ubuntu-xenial login: 